<?xml version="1.0" encoding="UTF-8"?>
<!-- Generated by org.testng.reporters.JUnitReportReporter -->
<testsuite hostname="NI-PF26FP2T.users.sphinet.com.sg" failures="0" tests="5" name="testRunner.SignUpTestRunner" time="20.949" errors="0" timestamp="2021-03-06T01:16:06 SGT" skipped="0">
  <testcase classname="testRunner.SignUpTestRunner" name="runScenario" time="3.757"/>
  <system-out/>
  <testcase classname="testRunner.SignUpTestRunner" name="runScenario" time="3.873"/>
  <system-out/>
  <testcase classname="testRunner.SignUpTestRunner" name="runScenario" time="4.439"/>
  <system-out/>
  <testcase classname="testRunner.SignUpTestRunner" name="runScenario" time="5.168"/>
  <system-out/>
  <testcase classname="testRunner.SignUpTestRunner" name="runScenario" time="3.712"/>
  <system-out/>
</testsuite> <!-- testRunner.SignUpTestRunner -->
